2020-08-21 13:29:20.466  INFO 6420 --- [main] pers.yzh.pd.pd_front.PdFrontApplication  : Starting PdFrontApplication on LAPTOP-GUD812TE with PID 6420 (D:\pandaDiary\pandaDiary\target\classes started by zhangwei in D:\pandaDiary\pandaDiary)
2020-08-21 13:29:20.478  INFO 6420 --- [main] pers.yzh.pd.pd_front.PdFrontApplication  : No active profile set, falling back to default profiles: default
2020-08-21 13:29:21.424  WARN 6420 --- [main] o.m.s.mapper.ClassPathMapperScanner      : No MyBatis mapper was found in '[pers.yzh.pd.pd_front]' package. Please check your configuration.
2020-08-21 13:29:21.844  INFO 6420 --- [main] o.s.b.w.embedded.tomcat.TomcatWebServer  : Tomcat initialized with port(s): 7081 (http)
2020-08-21 13:29:21.853  INFO 6420 --- [main] o.apache.catalina.core.StandardService   : Starting service [Tomcat]
2020-08-21 13:29:21.854  INFO 6420 --- [main] org.apache.catalina.core.StandardEngine  : Starting Servlet engine: [Apache Tomcat/9.0.37]
2020-08-21 13:29:21.979  INFO 6420 --- [main] o.a.c.c.C.[Tomcat].[localhost].[/]       : Initializing Spring embedded WebApplicationContext
2020-08-21 13:29:21.979  INFO 6420 --- [main] w.s.c.ServletWebServerApplicationContext : Root WebApplicationContext: initialization completed in 1442 ms
2020-08-21 13:29:22.177  INFO 6420 --- [main] o.s.s.concurrent.ThreadPoolTaskExecutor  : Initializing ExecutorService 'applicationTaskExecutor'
2020-08-21 13:29:22.251  INFO 6420 --- [main] o.s.b.a.w.s.WelcomePageHandlerMapping    : Adding welcome page template: index
2020-08-21 13:29:23.470  INFO 6420 --- [main] o.s.b.w.embedded.tomcat.TomcatWebServer  : Tomcat started on port(s): 7081 (http) with context path ''
2020-08-21 13:29:23.483  INFO 6420 --- [main] pers.yzh.pd.pd_front.PdFrontApplication  : Started PdFrontApplication in 3.854 seconds (JVM running for 5.96)
2020-08-21 13:30:40.394  INFO 6420 --- [http-nio-7081-exec-1] o.a.c.c.C.[Tomcat].[localhost].[/]       : Initializing Spring DispatcherServlet 'dispatcherServlet'
2020-08-21 13:30:40.394  INFO 6420 --- [http-nio-7081-exec-1] o.s.web.servlet.DispatcherServlet        : Initializing Servlet 'dispatcherServlet'
2020-08-21 13:30:40.401  INFO 6420 --- [http-nio-7081-exec-1] o.s.web.servlet.DispatcherServlet        : Completed initialization in 7 ms
2020-08-21 13:31:59.268  INFO 6700 --- [main] pers.yzh.pd.pd_front.PdFrontApplication  : Starting PdFrontApplication on LAPTOP-GUD812TE with PID 6700 (D:\pandaDiary\pandaDiary\target\classes started by zhangwei in D:\pandaDiary\pandaDiary)
2020-08-21 13:31:59.275  INFO 6700 --- [main] pers.yzh.pd.pd_front.PdFrontApplication  : No active profile set, falling back to default profiles: default
2020-08-21 13:32:00.375  WARN 6700 --- [main] o.m.s.mapper.ClassPathMapperScanner      : No MyBatis mapper was found in '[pers.yzh.pd.pd_front]' package. Please check your configuration.
2020-08-21 13:32:00.904  INFO 6700 --- [main] o.s.b.w.embedded.tomcat.TomcatWebServer  : Tomcat initialized with port(s): 7081 (http)
2020-08-21 13:32:00.918  INFO 6700 --- [main] o.apache.catalina.core.StandardService   : Starting service [Tomcat]
2020-08-21 13:32:00.918  INFO 6700 --- [main] org.apache.catalina.core.StandardEngine  : Starting Servlet engine: [Apache Tomcat/9.0.37]
2020-08-21 13:32:01.064  INFO 6700 --- [main] o.a.c.c.C.[Tomcat].[localhost].[/]       : Initializing Spring embedded WebApplicationContext
2020-08-21 13:32:01.064  INFO 6700 --- [main] w.s.c.ServletWebServerApplicationContext : Root WebApplicationContext: initialization completed in 1635 ms
2020-08-21 13:32:01.440  INFO 6700 --- [main] o.s.s.concurrent.ThreadPoolTaskExecutor  : Initializing ExecutorService 'applicationTaskExecutor'
2020-08-21 13:32:01.530  INFO 6700 --- [main] o.s.b.a.w.s.WelcomePageHandlerMapping    : Adding welcome page template: index
2020-08-21 13:32:02.830  INFO 6700 --- [main] o.s.b.w.embedded.tomcat.TomcatWebServer  : Tomcat started on port(s): 7081 (http) with context path ''
2020-08-21 13:32:02.846  INFO 6700 --- [main] pers.yzh.pd.pd_front.PdFrontApplication  : Started PdFrontApplication in 4.537 seconds (JVM running for 6.438)
2020-08-21 13:32:19.733  INFO 6700 --- [http-nio-7081-exec-1] o.a.c.c.C.[Tomcat].[localhost].[/]       : Initializing Spring DispatcherServlet 'dispatcherServlet'
2020-08-21 13:32:19.734  INFO 6700 --- [http-nio-7081-exec-1] o.s.web.servlet.DispatcherServlet        : Initializing Servlet 'dispatcherServlet'
2020-08-21 13:32:19.742  INFO 6700 --- [http-nio-7081-exec-1] o.s.web.servlet.DispatcherServlet        : Completed initialization in 8 ms
2020-08-21 13:33:30.635  INFO 6700 --- [SpringContextShutdownHook] o.s.s.concurrent.ThreadPoolTaskExecutor  : Shutting down ExecutorService 'applicationTaskExecutor'
2020-08-21 13:33:35.994  INFO 5408 --- [main] pers.yzh.pd.pd_front.PdFrontApplication  : Starting PdFrontApplication on LAPTOP-GUD812TE with PID 5408 (D:\pandaDiary\pandaDiary\target\classes started by zhangwei in D:\pandaDiary\pandaDiary)
2020-08-21 13:33:35.999  INFO 5408 --- [main] pers.yzh.pd.pd_front.PdFrontApplication  : No active profile set, falling back to default profiles: default
2020-08-21 13:33:36.986  WARN 5408 --- [main] o.m.s.mapper.ClassPathMapperScanner      : No MyBatis mapper was found in '[pers.yzh.pd.pd_front]' package. Please check your configuration.
2020-08-21 13:33:37.538  INFO 5408 --- [main] o.s.b.w.embedded.tomcat.TomcatWebServer  : Tomcat initialized with port(s): 7081 (http)
2020-08-21 13:33:37.553  INFO 5408 --- [main] o.apache.catalina.core.StandardService   : Starting service [Tomcat]
2020-08-21 13:33:37.553  INFO 5408 --- [main] org.apache.catalina.core.StandardEngine  : Starting Servlet engine: [Apache Tomcat/9.0.37]
2020-08-21 13:33:37.704  INFO 5408 --- [main] o.a.c.c.C.[Tomcat].[localhost].[/]       : Initializing Spring embedded WebApplicationContext
2020-08-21 13:33:37.705  INFO 5408 --- [main] w.s.c.ServletWebServerApplicationContext : Root WebApplicationContext: initialization completed in 1587 ms
2020-08-21 13:33:37.981  INFO 5408 --- [main] o.s.s.concurrent.ThreadPoolTaskExecutor  : Initializing ExecutorService 'applicationTaskExecutor'
2020-08-21 13:33:38.075  INFO 5408 --- [main] o.s.b.a.w.s.WelcomePageHandlerMapping    : Adding welcome page template: index
2020-08-21 13:33:39.419  INFO 5408 --- [main] o.s.b.w.embedded.tomcat.TomcatWebServer  : Tomcat started on port(s): 7081 (http) with context path ''
2020-08-21 13:33:39.434  INFO 5408 --- [main] pers.yzh.pd.pd_front.PdFrontApplication  : Started PdFrontApplication in 4.491 seconds (JVM running for 6.432)
2020-08-21 13:33:52.269  INFO 5408 --- [SpringContextShutdownHook] o.s.s.concurrent.ThreadPoolTaskExecutor  : Shutting down ExecutorService 'applicationTaskExecutor'
2020-08-21 13:33:57.775  INFO 14052 --- [main] pers.yzh.pd.pd_front.PdFrontApplication  : Starting PdFrontApplication on LAPTOP-GUD812TE with PID 14052 (D:\pandaDiary\pandaDiary\target\classes started by zhangwei in D:\pandaDiary\pandaDiary)
2020-08-21 13:33:57.782  INFO 14052 --- [main] pers.yzh.pd.pd_front.PdFrontApplication  : No active profile set, falling back to default profiles: default
2020-08-21 13:33:58.767  WARN 14052 --- [main] o.m.s.mapper.ClassPathMapperScanner      : No MyBatis mapper was found in '[pers.yzh.pd.pd_front]' package. Please check your configuration.
2020-08-21 13:33:59.304  INFO 14052 --- [main] o.s.b.w.embedded.tomcat.TomcatWebServer  : Tomcat initialized with port(s): 7081 (http)
2020-08-21 13:33:59.319  INFO 14052 --- [main] o.apache.catalina.core.StandardService   : Starting service [Tomcat]
2020-08-21 13:33:59.320  INFO 14052 --- [main] org.apache.catalina.core.StandardEngine  : Starting Servlet engine: [Apache Tomcat/9.0.37]
2020-08-21 13:33:59.487  INFO 14052 --- [main] o.a.c.c.C.[Tomcat].[localhost].[/]       : Initializing Spring embedded WebApplicationContext
2020-08-21 13:33:59.488  INFO 14052 --- [main] w.s.c.ServletWebServerApplicationContext : Root WebApplicationContext: initialization completed in 1609 ms
2020-08-21 13:33:59.775  INFO 14052 --- [main] o.s.s.concurrent.ThreadPoolTaskExecutor  : Initializing ExecutorService 'applicationTaskExecutor'
2020-08-21 13:33:59.861  INFO 14052 --- [main] o.s.b.a.w.s.WelcomePageHandlerMapping    : Adding welcome page template: index
2020-08-21 13:34:01.237  INFO 14052 --- [main] o.s.b.w.embedded.tomcat.TomcatWebServer  : Tomcat started on port(s): 7081 (http) with context path ''
2020-08-21 13:34:01.252  INFO 14052 --- [main] pers.yzh.pd.pd_front.PdFrontApplication  : Started PdFrontApplication in 4.376 seconds (JVM running for 6.253)
2020-08-21 13:34:04.768  INFO 14052 --- [http-nio-7081-exec-1] o.a.c.c.C.[Tomcat].[localhost].[/]       : Initializing Spring DispatcherServlet 'dispatcherServlet'
2020-08-21 13:34:04.768  INFO 14052 --- [http-nio-7081-exec-1] o.s.web.servlet.DispatcherServlet        : Initializing Servlet 'dispatcherServlet'
2020-08-21 13:34:04.778  INFO 14052 --- [http-nio-7081-exec-1] o.s.web.servlet.DispatcherServlet        : Completed initialization in 9 ms
2020-08-21 13:34:32.019  INFO 14052 --- [SpringContextShutdownHook] o.s.s.concurrent.ThreadPoolTaskExecutor  : Shutting down ExecutorService 'applicationTaskExecutor'
2020-08-21 13:34:37.710  INFO 18196 --- [main] pers.yzh.pd.pd_front.PdFrontApplication  : Starting PdFrontApplication on LAPTOP-GUD812TE with PID 18196 (D:\pandaDiary\pandaDiary\target\classes started by zhangwei in D:\pandaDiary\pandaDiary)
2020-08-21 13:34:37.715  INFO 18196 --- [main] pers.yzh.pd.pd_front.PdFrontApplication  : No active profile set, falling back to default profiles: default
2020-08-21 13:34:38.702  WARN 18196 --- [main] o.m.s.mapper.ClassPathMapperScanner      : No MyBatis mapper was found in '[pers.yzh.pd.pd_front]' package. Please check your configuration.
2020-08-21 13:34:39.329  INFO 18196 --- [main] o.s.b.w.embedded.tomcat.TomcatWebServer  : Tomcat initialized with port(s): 7081 (http)
2020-08-21 13:34:39.347  INFO 18196 --- [main] o.apache.catalina.core.StandardService   : Starting service [Tomcat]
2020-08-21 13:34:39.348  INFO 18196 --- [main] org.apache.catalina.core.StandardEngine  : Starting Servlet engine: [Apache Tomcat/9.0.37]
2020-08-21 13:34:39.552  INFO 18196 --- [main] o.a.c.c.C.[Tomcat].[localhost].[/]       : Initializing Spring embedded WebApplicationContext
2020-08-21 13:34:39.553  INFO 18196 --- [main] w.s.c.ServletWebServerApplicationContext : Root WebApplicationContext: initialization completed in 1754 ms
2020-08-21 13:34:39.834  INFO 18196 --- [main] o.s.s.concurrent.ThreadPoolTaskExecutor  : Initializing ExecutorService 'applicationTaskExecutor'
2020-08-21 13:34:39.913  INFO 18196 --- [main] o.s.b.a.w.s.WelcomePageHandlerMapping    : Adding welcome page template: index
2020-08-21 13:34:41.282  INFO 18196 --- [main] o.s.b.w.embedded.tomcat.TomcatWebServer  : Tomcat started on port(s): 7081 (http) with context path ''
2020-08-21 13:34:41.300  INFO 18196 --- [main] pers.yzh.pd.pd_front.PdFrontApplication  : Started PdFrontApplication in 4.452 seconds (JVM running for 6.298)
2020-08-21 13:34:44.669  INFO 18196 --- [http-nio-7081-exec-1] o.a.c.c.C.[Tomcat].[localhost].[/]       : Initializing Spring DispatcherServlet 'dispatcherServlet'
2020-08-21 13:34:44.671  INFO 18196 --- [http-nio-7081-exec-1] o.s.web.servlet.DispatcherServlet        : Initializing Servlet 'dispatcherServlet'
2020-08-21 13:34:44.686  INFO 18196 --- [http-nio-7081-exec-1] o.s.web.servlet.DispatcherServlet        : Completed initialization in 12 ms
2020-08-21 13:35:27.650  INFO 18196 --- [SpringContextShutdownHook] o.s.s.concurrent.ThreadPoolTaskExecutor  : Shutting down ExecutorService 'applicationTaskExecutor'
2020-08-21 13:35:33.283  INFO 3136 --- [main] pers.yzh.pd.pd_front.PdFrontApplication  : Starting PdFrontApplication on LAPTOP-GUD812TE with PID 3136 (D:\pandaDiary\pandaDiary\target\classes started by zhangwei in D:\pandaDiary\pandaDiary)
2020-08-21 13:35:33.288  INFO 3136 --- [main] pers.yzh.pd.pd_front.PdFrontApplication  : No active profile set, falling back to default profiles: default
2020-08-21 13:35:34.197  WARN 3136 --- [main] o.m.s.mapper.ClassPathMapperScanner      : No MyBatis mapper was found in '[pers.yzh.pd.pd_front]' package. Please check your configuration.
2020-08-21 13:35:34.721  INFO 3136 --- [main] o.s.b.w.embedded.tomcat.TomcatWebServer  : Tomcat initialized with port(s): 7081 (http)
2020-08-21 13:35:34.736  INFO 3136 --- [main] o.apache.catalina.core.StandardService   : Starting service [Tomcat]
2020-08-21 13:35:34.736  INFO 3136 --- [main] org.apache.catalina.core.StandardEngine  : Starting Servlet engine: [Apache Tomcat/9.0.37]
2020-08-21 13:35:34.891  INFO 3136 --- [main] o.a.c.c.C.[Tomcat].[localhost].[/]       : Initializing Spring embedded WebApplicationContext
2020-08-21 13:35:34.891  INFO 3136 --- [main] w.s.c.ServletWebServerApplicationContext : Root WebApplicationContext: initialization completed in 1519 ms
2020-08-21 13:35:35.156  INFO 3136 --- [main] o.s.s.concurrent.ThreadPoolTaskExecutor  : Initializing ExecutorService 'applicationTaskExecutor'
2020-08-21 13:35:35.247  INFO 3136 --- [main] o.s.b.a.w.s.WelcomePageHandlerMapping    : Adding welcome page template: index
2020-08-21 13:35:36.553  INFO 3136 --- [main] o.s.b.w.embedded.tomcat.TomcatWebServer  : Tomcat started on port(s): 7081 (http) with context path ''
2020-08-21 13:35:36.571  INFO 3136 --- [main] pers.yzh.pd.pd_front.PdFrontApplication  : Started PdFrontApplication in 4.153 seconds (JVM running for 6.085)
2020-08-21 13:35:39.079  INFO 3136 --- [http-nio-7081-exec-1] o.a.c.c.C.[Tomcat].[localhost].[/]       : Initializing Spring DispatcherServlet 'dispatcherServlet'
2020-08-21 13:35:39.079  INFO 3136 --- [http-nio-7081-exec-1] o.s.web.servlet.DispatcherServlet        : Initializing Servlet 'dispatcherServlet'
2020-08-21 13:35:39.092  INFO 3136 --- [http-nio-7081-exec-1] o.s.web.servlet.DispatcherServlet        : Completed initialization in 12 ms
2020-08-21 13:36:03.804  INFO 3136 --- [SpringContextShutdownHook] o.s.s.concurrent.ThreadPoolTaskExecutor  : Shutting down ExecutorService 'applicationTaskExecutor'
2020-08-21 13:36:09.501  INFO 12884 --- [main] pers.yzh.pd.pd_front.PdFrontApplication  : Starting PdFrontApplication on LAPTOP-GUD812TE with PID 12884 (D:\pandaDiary\pandaDiary\target\classes started by zhangwei in D:\pandaDiary\pandaDiary)
2020-08-21 13:36:09.509  INFO 12884 --- [main] pers.yzh.pd.pd_front.PdFrontApplication  : No active profile set, falling back to default profiles: default
2020-08-21 13:36:10.516  WARN 12884 --- [main] o.m.s.mapper.ClassPathMapperScanner      : No MyBatis mapper was found in '[pers.yzh.pd.pd_front]' package. Please check your configuration.
2020-08-21 13:36:11.025  INFO 12884 --- [main] o.s.b.w.embedded.tomcat.TomcatWebServer  : Tomcat initialized with port(s): 7081 (http)
2020-08-21 13:36:11.040  INFO 12884 --- [main] o.apache.catalina.core.StandardService   : Starting service [Tomcat]
2020-08-21 13:36:11.041  INFO 12884 --- [main] org.apache.catalina.core.StandardEngine  : Starting Servlet engine: [Apache Tomcat/9.0.37]
2020-08-21 13:36:11.211  INFO 12884 --- [main] o.a.c.c.C.[Tomcat].[localhost].[/]       : Initializing Spring embedded WebApplicationContext
2020-08-21 13:36:11.211  INFO 12884 --- [main] w.s.c.ServletWebServerApplicationContext : Root WebApplicationContext: initialization completed in 1584 ms
2020-08-21 13:36:11.461  INFO 12884 --- [main] o.s.s.concurrent.ThreadPoolTaskExecutor  : Initializing ExecutorService 'applicationTaskExecutor'
2020-08-21 13:36:11.546  INFO 12884 --- [main] o.s.b.a.w.s.WelcomePageHandlerMapping    : Adding welcome page template: index
2020-08-21 13:36:12.832  INFO 12884 --- [main] o.s.b.w.embedded.tomcat.TomcatWebServer  : Tomcat started on port(s): 7081 (http) with context path ''
2020-08-21 13:36:12.847  INFO 12884 --- [main] pers.yzh.pd.pd_front.PdFrontApplication  : Started PdFrontApplication in 4.55 seconds (JVM running for 6.474)
2020-08-21 13:36:41.981  INFO 12884 --- [http-nio-7081-exec-1] o.a.c.c.C.[Tomcat].[localhost].[/]       : Initializing Spring DispatcherServlet 'dispatcherServlet'
2020-08-21 13:36:41.982  INFO 12884 --- [http-nio-7081-exec-1] o.s.web.servlet.DispatcherServlet        : Initializing Servlet 'dispatcherServlet'
2020-08-21 13:36:41.991  INFO 12884 --- [http-nio-7081-exec-1] o.s.web.servlet.DispatcherServlet        : Completed initialization in 9 ms
2020-08-21 13:38:25.949  INFO 12884 --- [SpringContextShutdownHook] o.s.s.concurrent.ThreadPoolTaskExecutor  : Shutting down ExecutorService 'applicationTaskExecutor'
2020-08-21 13:38:31.624  INFO 8260 --- [main] pers.yzh.pd.pd_front.PdFrontApplication  : Starting PdFrontApplication on LAPTOP-GUD812TE with PID 8260 (D:\pandaDiary\pandaDiary\target\classes started by zhangwei in D:\pandaDiary\pandaDiary)
2020-08-21 13:38:31.629  INFO 8260 --- [main] pers.yzh.pd.pd_front.PdFrontApplication  : No active profile set, falling back to default profiles: default
2020-08-21 13:38:32.571  WARN 8260 --- [main] o.m.s.mapper.ClassPathMapperScanner      : No MyBatis mapper was found in '[pers.yzh.pd.pd_front]' package. Please check your configuration.
2020-08-21 13:38:33.112  INFO 8260 --- [main] o.s.b.w.embedded.tomcat.TomcatWebServer  : Tomcat initialized with port(s): 7081 (http)
2020-08-21 13:38:33.128  INFO 8260 --- [main] o.apache.catalina.core.StandardService   : Starting service [Tomcat]
2020-08-21 13:38:33.128  INFO 8260 --- [main] org.apache.catalina.core.StandardEngine  : Starting Servlet engine: [Apache Tomcat/9.0.37]
2020-08-21 13:38:33.292  INFO 8260 --- [main] o.a.c.c.C.[Tomcat].[localhost].[/]       : Initializing Spring embedded WebApplicationContext
2020-08-21 13:38:33.292  INFO 8260 --- [main] w.s.c.ServletWebServerApplicationContext : Root WebApplicationContext: initialization completed in 1577 ms
2020-08-21 13:38:33.566  INFO 8260 --- [main] o.s.s.concurrent.ThreadPoolTaskExecutor  : Initializing ExecutorService 'applicationTaskExecutor'
2020-08-21 13:38:33.654  INFO 8260 --- [main] o.s.b.a.w.s.WelcomePageHandlerMapping    : Adding welcome page template: index
2020-08-21 13:38:34.964  INFO 8260 --- [main] o.s.b.w.embedded.tomcat.TomcatWebServer  : Tomcat started on port(s): 7081 (http) with context path ''
2020-08-21 13:38:34.980  INFO 8260 --- [main] pers.yzh.pd.pd_front.PdFrontApplication  : Started PdFrontApplication in 4.267 seconds (JVM running for 6.072)
2020-08-21 13:38:40.568  INFO 8260 --- [http-nio-7081-exec-1] o.a.c.c.C.[Tomcat].[localhost].[/]       : Initializing Spring DispatcherServlet 'dispatcherServlet'
2020-08-21 13:38:40.568  INFO 8260 --- [http-nio-7081-exec-1] o.s.web.servlet.DispatcherServlet        : Initializing Servlet 'dispatcherServlet'
2020-08-21 13:38:40.578  INFO 8260 --- [http-nio-7081-exec-1] o.s.web.servlet.DispatcherServlet        : Completed initialization in 9 ms
2020-08-21 13:39:22.485  INFO 8260 --- [SpringContextShutdownHook] o.s.s.concurrent.ThreadPoolTaskExecutor  : Shutting down ExecutorService 'applicationTaskExecutor'
2020-08-21 13:39:27.837  INFO 13804 --- [main] pers.yzh.pd.pd_front.PdFrontApplication  : Starting PdFrontApplication on LAPTOP-GUD812TE with PID 13804 (D:\pandaDiary\pandaDiary\target\classes started by zhangwei in D:\pandaDiary\pandaDiary)
2020-08-21 13:39:27.842  INFO 13804 --- [main] pers.yzh.pd.pd_front.PdFrontApplication  : No active profile set, falling back to default profiles: default
2020-08-21 13:39:28.785  WARN 13804 --- [main] o.m.s.mapper.ClassPathMapperScanner      : No MyBatis mapper was found in '[pers.yzh.pd.pd_front]' package. Please check your configuration.
2020-08-21 13:39:29.607  INFO 13804 --- [main] o.s.b.w.embedded.tomcat.TomcatWebServer  : Tomcat initialized with port(s): 7081 (http)
2020-08-21 13:39:29.621  INFO 13804 --- [main] o.apache.catalina.core.StandardService   : Starting service [Tomcat]
2020-08-21 13:39:29.621  INFO 13804 --- [main] org.apache.catalina.core.StandardEngine  : Starting Servlet engine: [Apache Tomcat/9.0.37]
2020-08-21 13:39:29.769  INFO 13804 --- [main] o.a.c.c.C.[Tomcat].[localhost].[/]       : Initializing Spring embedded WebApplicationContext
2020-08-21 13:39:29.769  INFO 13804 --- [main] w.s.c.ServletWebServerApplicationContext : Root WebApplicationContext: initialization completed in 1850 ms
2020-08-21 13:39:30.028  INFO 13804 --- [main] o.s.s.concurrent.ThreadPoolTaskExecutor  : Initializing ExecutorService 'applicationTaskExecutor'
2020-08-21 13:39:30.121  INFO 13804 --- [main] o.s.b.a.w.s.WelcomePageHandlerMapping    : Adding welcome page template: index
2020-08-21 13:39:31.342  INFO 13804 --- [main] o.s.b.w.embedded.tomcat.TomcatWebServer  : Tomcat started on port(s): 7081 (http) with context path ''
2020-08-21 13:39:31.358  INFO 13804 --- [main] pers.yzh.pd.pd_front.PdFrontApplication  : Started PdFrontApplication in 4.349 seconds (JVM running for 6.108)
2020-08-21 13:39:45.317  INFO 13804 --- [http-nio-7081-exec-1] o.a.c.c.C.[Tomcat].[localhost].[/]       : Initializing Spring DispatcherServlet 'dispatcherServlet'
2020-08-21 13:39:45.318  INFO 13804 --- [http-nio-7081-exec-1] o.s.web.servlet.DispatcherServlet        : Initializing Servlet 'dispatcherServlet'
2020-08-21 13:39:45.328  INFO 13804 --- [http-nio-7081-exec-1] o.s.web.servlet.DispatcherServlet        : Completed initialization in 10 ms
2020-08-21 13:40:55.585  INFO 13804 --- [SpringContextShutdownHook] o.s.s.concurrent.ThreadPoolTaskExecutor  : Shutting down ExecutorService 'applicationTaskExecutor'
2020-08-21 13:41:01.466  INFO 17704 --- [main] pers.yzh.pd.pd_front.PdFrontApplication  : Starting PdFrontApplication on LAPTOP-GUD812TE with PID 17704 (D:\pandaDiary\pandaDiary\target\classes started by zhangwei in D:\pandaDiary\pandaDiary)
2020-08-21 13:41:01.472  INFO 17704 --- [main] pers.yzh.pd.pd_front.PdFrontApplication  : No active profile set, falling back to default profiles: default
2020-08-21 13:41:02.479  WARN 17704 --- [main] o.m.s.mapper.ClassPathMapperScanner      : No MyBatis mapper was found in '[pers.yzh.pd.pd_front]' package. Please check your configuration.
2020-08-21 13:41:02.982  INFO 17704 --- [main] o.s.b.w.embedded.tomcat.TomcatWebServer  : Tomcat initialized with port(s): 7081 (http)
2020-08-21 13:41:02.996  INFO 17704 --- [main] o.apache.catalina.core.StandardService   : Starting service [Tomcat]
2020-08-21 13:41:02.997  INFO 17704 --- [main] org.apache.catalina.core.StandardEngine  : Starting Servlet engine: [Apache Tomcat/9.0.37]
2020-08-21 13:41:03.152  INFO 17704 --- [main] o.a.c.c.C.[Tomcat].[localhost].[/]       : Initializing Spring embedded WebApplicationContext
2020-08-21 13:41:03.153  INFO 17704 --- [main] w.s.c.ServletWebServerApplicationContext : Root WebApplicationContext: initialization completed in 1596 ms
2020-08-21 13:41:03.429  INFO 17704 --- [main] o.s.s.concurrent.ThreadPoolTaskExecutor  : Initializing ExecutorService 'applicationTaskExecutor'
2020-08-21 13:41:03.515  INFO 17704 --- [main] o.s.b.a.w.s.WelcomePageHandlerMapping    : Adding welcome page template: index
2020-08-21 13:41:04.875  INFO 17704 --- [main] o.s.b.w.embedded.tomcat.TomcatWebServer  : Tomcat started on port(s): 7081 (http) with context path ''
2020-08-21 13:41:04.892  INFO 17704 --- [main] pers.yzh.pd.pd_front.PdFrontApplication  : Started PdFrontApplication in 4.357 seconds (JVM running for 6.263)
2020-08-21 13:41:12.967  INFO 17704 --- [http-nio-7081-exec-1] o.a.c.c.C.[Tomcat].[localhost].[/]       : Initializing Spring DispatcherServlet 'dispatcherServlet'
2020-08-21 13:41:12.968  INFO 17704 --- [http-nio-7081-exec-1] o.s.web.servlet.DispatcherServlet        : Initializing Servlet 'dispatcherServlet'
2020-08-21 13:41:12.981  INFO 17704 --- [http-nio-7081-exec-1] o.s.web.servlet.DispatcherServlet        : Completed initialization in 9 ms
2020-08-21 13:43:56.874  INFO 17704 --- [SpringContextShutdownHook] o.s.s.concurrent.ThreadPoolTaskExecutor  : Shutting down ExecutorService 'applicationTaskExecutor'
2020-08-21 13:44:02.223  INFO 11028 --- [main] pers.yzh.pd.pd_front.PdFrontApplication  : Starting PdFrontApplication on LAPTOP-GUD812TE with PID 11028 (D:\pandaDiary\pandaDiary\target\classes started by zhangwei in D:\pandaDiary\pandaDiary)
2020-08-21 13:44:02.230  INFO 11028 --- [main] pers.yzh.pd.pd_front.PdFrontApplication  : No active profile set, falling back to default profiles: default
2020-08-21 13:44:03.306  WARN 11028 --- [main] o.m.s.mapper.ClassPathMapperScanner      : No MyBatis mapper was found in '[pers.yzh.pd.pd_front]' package. Please check your configuration.
2020-08-21 13:44:03.806  INFO 11028 --- [main] o.s.b.w.embedded.tomcat.TomcatWebServer  : Tomcat initialized with port(s): 7081 (http)
2020-08-21 13:44:03.824  INFO 11028 --- [main] o.apache.catalina.core.StandardService   : Starting service [Tomcat]
2020-08-21 13:44:03.824  INFO 11028 --- [main] org.apache.catalina.core.StandardEngine  : Starting Servlet engine: [Apache Tomcat/9.0.37]
2020-08-21 13:44:03.974  INFO 11028 --- [main] o.a.c.c.C.[Tomcat].[localhost].[/]       : Initializing Spring embedded WebApplicationContext
2020-08-21 13:44:03.975  INFO 11028 --- [main] w.s.c.ServletWebServerApplicationContext : Root WebApplicationContext: initialization completed in 1645 ms
2020-08-21 13:44:04.256  INFO 11028 --- [main] o.s.s.concurrent.ThreadPoolTaskExecutor  : Initializing ExecutorService 'applicationTaskExecutor'
2020-08-21 13:44:04.338  INFO 11028 --- [main] o.s.b.a.w.s.WelcomePageHandlerMapping    : Adding welcome page template: index
2020-08-21 13:44:05.764  INFO 11028 --- [main] o.s.b.w.embedded.tomcat.TomcatWebServer  : Tomcat started on port(s): 7081 (http) with context path ''
2020-08-21 13:44:05.779  INFO 11028 --- [main] pers.yzh.pd.pd_front.PdFrontApplication  : Started PdFrontApplication in 4.476 seconds (JVM running for 6.483)
2020-08-21 13:44:12.510  INFO 11028 --- [SpringContextShutdownHook] o.s.s.concurrent.ThreadPoolTaskExecutor  : Shutting down ExecutorService 'applicationTaskExecutor'
2020-08-21 13:44:18.113  INFO 16204 --- [main] pers.yzh.pd.pd_front.PdFrontApplication  : Starting PdFrontApplication on LAPTOP-GUD812TE with PID 16204 (D:\pandaDiary\pandaDiary\target\classes started by zhangwei in D:\pandaDiary\pandaDiary)
2020-08-21 13:44:18.117  INFO 16204 --- [main] pers.yzh.pd.pd_front.PdFrontApplication  : No active profile set, falling back to default profiles: default
2020-08-21 13:44:19.173  WARN 16204 --- [main] o.m.s.mapper.ClassPathMapperScanner      : No MyBatis mapper was found in '[pers.yzh.pd.pd_front]' package. Please check your configuration.
2020-08-21 13:44:19.708  INFO 16204 --- [main] o.s.b.w.embedded.tomcat.TomcatWebServer  : Tomcat initialized with port(s): 7081 (http)
2020-08-21 13:44:19.726  INFO 16204 --- [main] o.apache.catalina.core.StandardService   : Starting service [Tomcat]
2020-08-21 13:44:19.726  INFO 16204 --- [main] org.apache.catalina.core.StandardEngine  : Starting Servlet engine: [Apache Tomcat/9.0.37]
2020-08-21 13:44:19.906  INFO 16204 --- [main] o.a.c.c.C.[Tomcat].[localhost].[/]       : Initializing Spring embedded WebApplicationContext
2020-08-21 13:44:19.906  INFO 16204 --- [main] w.s.c.ServletWebServerApplicationContext : Root WebApplicationContext: initialization completed in 1710 ms
2020-08-21 13:44:20.153  INFO 16204 --- [main] o.s.s.concurrent.ThreadPoolTaskExecutor  : Initializing ExecutorService 'applicationTaskExecutor'
2020-08-21 13:44:20.260  INFO 16204 --- [main] o.s.b.a.w.s.WelcomePageHandlerMapping    : Adding welcome page template: index
2020-08-21 13:44:21.657  INFO 16204 --- [main] o.s.b.w.embedded.tomcat.TomcatWebServer  : Tomcat started on port(s): 7081 (http) with context path ''
2020-08-21 13:44:21.671  INFO 16204 --- [main] pers.yzh.pd.pd_front.PdFrontApplication  : Started PdFrontApplication in 4.6 seconds (JVM running for 6.488)
2020-08-21 13:44:31.693  INFO 16204 --- [http-nio-7081-exec-1] o.a.c.c.C.[Tomcat].[localhost].[/]       : Initializing Spring DispatcherServlet 'dispatcherServlet'
2020-08-21 13:44:31.694  INFO 16204 --- [http-nio-7081-exec-1] o.s.web.servlet.DispatcherServlet        : Initializing Servlet 'dispatcherServlet'
2020-08-21 13:44:31.704  INFO 16204 --- [http-nio-7081-exec-1] o.s.web.servlet.DispatcherServlet        : Completed initialization in 10 ms
2020-08-21 13:45:46.173  INFO 16204 --- [SpringContextShutdownHook] o.s.s.concurrent.ThreadPoolTaskExecutor  : Shutting down ExecutorService 'applicationTaskExecutor'
2020-08-21 13:45:51.598  INFO 14752 --- [main] pers.yzh.pd.pd_front.PdFrontApplication  : Starting PdFrontApplication on LAPTOP-GUD812TE with PID 14752 (D:\pandaDiary\pandaDiary\target\classes started by zhangwei in D:\pandaDiary\pandaDiary)
2020-08-21 13:45:51.602  INFO 14752 --- [main] pers.yzh.pd.pd_front.PdFrontApplication  : No active profile set, falling back to default profiles: default
2020-08-21 13:45:52.557  WARN 14752 --- [main] o.m.s.mapper.ClassPathMapperScanner      : No MyBatis mapper was found in '[pers.yzh.pd.pd_front]' package. Please check your configuration.
2020-08-21 13:45:53.120  INFO 14752 --- [main] o.s.b.w.embedded.tomcat.TomcatWebServer  : Tomcat initialized with port(s): 7081 (http)
2020-08-21 13:45:53.133  INFO 14752 --- [main] o.apache.catalina.core.StandardService   : Starting service [Tomcat]
2020-08-21 13:45:53.133  INFO 14752 --- [main] org.apache.catalina.core.StandardEngine  : Starting Servlet engine: [Apache Tomcat/9.0.37]
2020-08-21 13:45:53.336  INFO 14752 --- [main] o.a.c.c.C.[Tomcat].[localhost].[/]       : Initializing Spring embedded WebApplicationContext
2020-08-21 13:45:53.336  INFO 14752 --- [main] w.s.c.ServletWebServerApplicationContext : Root WebApplicationContext: initialization completed in 1654 ms
2020-08-21 13:45:53.615  INFO 14752 --- [main] o.s.s.concurrent.ThreadPoolTaskExecutor  : Initializing ExecutorService 'applicationTaskExecutor'
2020-08-21 13:45:53.698  INFO 14752 --- [main] o.s.b.a.w.s.WelcomePageHandlerMapping    : Adding welcome page template: index
2020-08-21 13:45:55.003  INFO 14752 --- [main] o.s.b.w.embedded.tomcat.TomcatWebServer  : Tomcat started on port(s): 7081 (http) with context path ''
2020-08-21 13:45:55.018  INFO 14752 --- [main] pers.yzh.pd.pd_front.PdFrontApplication  : Started PdFrontApplication in 4.27 seconds (JVM running for 6.137)
2020-08-21 13:45:58.712  INFO 14752 --- [http-nio-7081-exec-1] o.a.c.c.C.[Tomcat].[localhost].[/]       : Initializing Spring DispatcherServlet 'dispatcherServlet'
2020-08-21 13:45:58.713  INFO 14752 --- [http-nio-7081-exec-1] o.s.web.servlet.DispatcherServlet        : Initializing Servlet 'dispatcherServlet'
2020-08-21 13:45:58.722  INFO 14752 --- [http-nio-7081-exec-1] o.s.web.servlet.DispatcherServlet        : Completed initialization in 9 ms
2020-08-21 13:46:34.423  INFO 14752 --- [SpringContextShutdownHook] o.s.s.concurrent.ThreadPoolTaskExecutor  : Shutting down ExecutorService 'applicationTaskExecutor'
2020-08-21 13:46:40.170  INFO 7088 --- [main] pers.yzh.pd.pd_front.PdFrontApplication  : Starting PdFrontApplication on LAPTOP-GUD812TE with PID 7088 (D:\pandaDiary\pandaDiary\target\classes started by zhangwei in D:\pandaDiary\pandaDiary)
2020-08-21 13:46:40.175  INFO 7088 --- [main] pers.yzh.pd.pd_front.PdFrontApplication  : No active profile set, falling back to default profiles: default
2020-08-21 13:46:41.219  WARN 7088 --- [main] o.m.s.mapper.ClassPathMapperScanner      : No MyBatis mapper was found in '[pers.yzh.pd.pd_front]' package. Please check your configuration.
2020-08-21 13:46:41.832  INFO 7088 --- [main] o.s.b.w.embedded.tomcat.TomcatWebServer  : Tomcat initialized with port(s): 7081 (http)
2020-08-21 13:46:41.847  INFO 7088 --- [main] o.apache.catalina.core.StandardService   : Starting service [Tomcat]
2020-08-21 13:46:41.848  INFO 7088 --- [main] org.apache.catalina.core.StandardEngine  : Starting Servlet engine: [Apache Tomcat/9.0.37]
2020-08-21 13:46:41.997  INFO 7088 --- [main] o.a.c.c.C.[Tomcat].[localhost].[/]       : Initializing Spring embedded WebApplicationContext
2020-08-21 13:46:41.997  INFO 7088 --- [main] w.s.c.ServletWebServerApplicationContext : Root WebApplicationContext: initialization completed in 1714 ms
2020-08-21 13:46:42.271  INFO 7088 --- [main] o.s.s.concurrent.ThreadPoolTaskExecutor  : Initializing ExecutorService 'applicationTaskExecutor'
2020-08-21 13:46:42.361  INFO 7088 --- [main] o.s.b.a.w.s.WelcomePageHandlerMapping    : Adding welcome page template: index
2020-08-21 13:46:43.685  INFO 7088 --- [main] o.s.b.w.embedded.tomcat.TomcatWebServer  : Tomcat started on port(s): 7081 (http) with context path ''
2020-08-21 13:46:43.700  INFO 7088 --- [main] pers.yzh.pd.pd_front.PdFrontApplication  : Started PdFrontApplication in 4.583 seconds (JVM running for 6.689)
2020-08-21 13:46:55.655  INFO 7088 --- [http-nio-7081-exec-2] o.a.c.c.C.[Tomcat].[localhost].[/]       : Initializing Spring DispatcherServlet 'dispatcherServlet'
2020-08-21 13:46:55.656  INFO 7088 --- [http-nio-7081-exec-2] o.s.web.servlet.DispatcherServlet        : Initializing Servlet 'dispatcherServlet'
2020-08-21 13:46:55.664  INFO 7088 --- [http-nio-7081-exec-2] o.s.web.servlet.DispatcherServlet        : Completed initialization in 8 ms
2020-08-21 13:47:52.271  INFO 7088 --- [SpringContextShutdownHook] o.s.s.concurrent.ThreadPoolTaskExecutor  : Shutting down ExecutorService 'applicationTaskExecutor'
2020-08-21 13:47:57.848  INFO 13988 --- [main] pers.yzh.pd.pd_front.PdFrontApplication  : Starting PdFrontApplication on LAPTOP-GUD812TE with PID 13988 (D:\pandaDiary\pandaDiary\target\classes started by zhangwei in D:\pandaDiary\pandaDiary)
2020-08-21 13:47:57.860  INFO 13988 --- [main] pers.yzh.pd.pd_front.PdFrontApplication  : No active profile set, falling back to default profiles: default
2020-08-21 13:47:58.919  WARN 13988 --- [main] o.m.s.mapper.ClassPathMapperScanner      : No MyBatis mapper was found in '[pers.yzh.pd.pd_front]' package. Please check your configuration.
2020-08-21 13:47:59.420  INFO 13988 --- [main] o.s.b.w.embedded.tomcat.TomcatWebServer  : Tomcat initialized with port(s): 7081 (http)
2020-08-21 13:47:59.434  INFO 13988 --- [main] o.apache.catalina.core.StandardService   : Starting service [Tomcat]
2020-08-21 13:47:59.435  INFO 13988 --- [main] org.apache.catalina.core.StandardEngine  : Starting Servlet engine: [Apache Tomcat/9.0.37]
2020-08-21 13:47:59.593  INFO 13988 --- [main] o.a.c.c.C.[Tomcat].[localhost].[/]       : Initializing Spring embedded WebApplicationContext
2020-08-21 13:47:59.594  INFO 13988 --- [main] w.s.c.ServletWebServerApplicationContext : Root WebApplicationContext: initialization completed in 1631 ms
2020-08-21 13:47:59.862  INFO 13988 --- [main] o.s.s.concurrent.ThreadPoolTaskExecutor  : Initializing ExecutorService 'applicationTaskExecutor'
2020-08-21 13:47:59.949  INFO 13988 --- [main] o.s.b.a.w.s.WelcomePageHandlerMapping    : Adding welcome page template: index
2020-08-21 13:48:01.276  INFO 13988 --- [main] o.s.b.w.embedded.tomcat.TomcatWebServer  : Tomcat started on port(s): 7081 (http) with context path ''
2020-08-21 13:48:01.292  INFO 13988 --- [main] pers.yzh.pd.pd_front.PdFrontApplication  : Started PdFrontApplication in 4.199 seconds (JVM running for 6.242)
2020-08-21 13:48:32.662  INFO 13988 --- [http-nio-7081-exec-1] o.a.c.c.C.[Tomcat].[localhost].[/]       : Initializing Spring DispatcherServlet 'dispatcherServlet'
2020-08-21 13:48:32.663  INFO 13988 --- [http-nio-7081-exec-1] o.s.web.servlet.DispatcherServlet        : Initializing Servlet 'dispatcherServlet'
2020-08-21 13:48:32.672  INFO 13988 --- [http-nio-7081-exec-1] o.s.web.servlet.DispatcherServlet        : Completed initialization in 8 ms
2020-08-21 13:51:17.676  INFO 13988 --- [SpringContextShutdownHook] o.s.s.concurrent.ThreadPoolTaskExecutor  : Shutting down ExecutorService 'applicationTaskExecutor'
2020-08-21 13:51:23.038  INFO 16772 --- [main] pers.yzh.pd.pd_front.PdFrontApplication  : Starting PdFrontApplication on LAPTOP-GUD812TE with PID 16772 (D:\pandaDiary\pandaDiary\target\classes started by zhangwei in D:\pandaDiary\pandaDiary)
2020-08-21 13:51:23.046  INFO 16772 --- [main] pers.yzh.pd.pd_front.PdFrontApplication  : No active profile set, falling back to default profiles: default
2020-08-21 13:51:24.026  WARN 16772 --- [main] o.m.s.mapper.ClassPathMapperScanner      : No MyBatis mapper was found in '[pers.yzh.pd.pd_front]' package. Please check your configuration.
2020-08-21 13:51:24.514  INFO 16772 --- [main] o.s.b.w.embedded.tomcat.TomcatWebServer  : Tomcat initialized with port(s): 7081 (http)
2020-08-21 13:51:24.527  INFO 16772 --- [main] o.apache.catalina.core.StandardService   : Starting service [Tomcat]
2020-08-21 13:51:24.528  INFO 16772 --- [main] org.apache.catalina.core.StandardEngine  : Starting Servlet engine: [Apache Tomcat/9.0.37]
2020-08-21 13:51:24.676  INFO 16772 --- [main] o.a.c.c.C.[Tomcat].[localhost].[/]       : Initializing Spring embedded WebApplicationContext
2020-08-21 13:51:24.677  INFO 16772 --- [main] w.s.c.ServletWebServerApplicationContext : Root WebApplicationContext: initialization completed in 1546 ms
2020-08-21 13:51:24.950  INFO 16772 --- [main] o.s.s.concurrent.ThreadPoolTaskExecutor  : Initializing ExecutorService 'applicationTaskExecutor'
2020-08-21 13:51:25.030  INFO 16772 --- [main] o.s.b.a.w.s.WelcomePageHandlerMapping    : Adding welcome page: class path resource [templates/index.html]
2020-08-21 13:51:26.380  INFO 16772 --- [main] o.s.b.w.embedded.tomcat.TomcatWebServer  : Tomcat started on port(s): 7081 (http) with context path ''
2020-08-21 13:51:26.395  INFO 16772 --- [main] pers.yzh.pd.pd_front.PdFrontApplication  : Started PdFrontApplication in 4.14 seconds (JVM running for 5.967)
2020-08-21 13:52:24.613  INFO 16772 --- [http-nio-7081-exec-1] o.a.c.c.C.[Tomcat].[localhost].[/]       : Initializing Spring DispatcherServlet 'dispatcherServlet'
2020-08-21 13:52:24.613  INFO 16772 --- [http-nio-7081-exec-1] o.s.web.servlet.DispatcherServlet        : Initializing Servlet 'dispatcherServlet'
2020-08-21 13:52:24.624  INFO 16772 --- [http-nio-7081-exec-1] o.s.web.servlet.DispatcherServlet        : Completed initialization in 10 ms
2020-08-21 13:53:07.703  INFO 16772 --- [SpringContextShutdownHook] o.s.s.concurrent.ThreadPoolTaskExecutor  : Shutting down ExecutorService 'applicationTaskExecutor'
2020-08-21 13:53:12.798  INFO 16700 --- [main] pers.yzh.pd.pd_front.PdFrontApplication  : Starting PdFrontApplication on LAPTOP-GUD812TE with PID 16700 (D:\pandaDiary\pandaDiary\target\classes started by zhangwei in D:\pandaDiary\pandaDiary)
2020-08-21 13:53:12.803  INFO 16700 --- [main] pers.yzh.pd.pd_front.PdFrontApplication  : No active profile set, falling back to default profiles: default
2020-08-21 13:53:13.720  WARN 16700 --- [main] o.m.s.mapper.ClassPathMapperScanner      : No MyBatis mapper was found in '[pers.yzh.pd.pd_front]' package. Please check your configuration.
2020-08-21 13:53:14.248  INFO 16700 --- [main] o.s.b.w.embedded.tomcat.TomcatWebServer  : Tomcat initialized with port(s): 7081 (http)
2020-08-21 13:53:14.262  INFO 16700 --- [main] o.apache.catalina.core.StandardService   : Starting service [Tomcat]
2020-08-21 13:53:14.262  INFO 16700 --- [main] org.apache.catalina.core.StandardEngine  : Starting Servlet engine: [Apache Tomcat/9.0.37]
2020-08-21 13:53:14.419  INFO 16700 --- [main] o.a.c.c.C.[Tomcat].[localhost].[/]       : Initializing Spring embedded WebApplicationContext
2020-08-21 13:53:14.419  INFO 16700 --- [main] w.s.c.ServletWebServerApplicationContext : Root WebApplicationContext: initialization completed in 1536 ms
2020-08-21 13:53:14.689  INFO 16700 --- [main] o.s.s.concurrent.ThreadPoolTaskExecutor  : Initializing ExecutorService 'applicationTaskExecutor'
2020-08-21 13:53:14.772  INFO 16700 --- [main] o.s.b.a.w.s.WelcomePageHandlerMapping    : Adding welcome page: class path resource [templates/index.html]
2020-08-21 13:53:16.116  INFO 16700 --- [main] o.s.b.w.embedded.tomcat.TomcatWebServer  : Tomcat started on port(s): 7081 (http) with context path ''
2020-08-21 13:53:16.133  INFO 16700 --- [main] pers.yzh.pd.pd_front.PdFrontApplication  : Started PdFrontApplication in 4.181 seconds (JVM running for 5.948)
2020-08-21 13:53:19.844  INFO 16700 --- [http-nio-7081-exec-1] o.a.c.c.C.[Tomcat].[localhost].[/]       : Initializing Spring DispatcherServlet 'dispatcherServlet'
2020-08-21 13:53:19.846  INFO 16700 --- [http-nio-7081-exec-1] o.s.web.servlet.DispatcherServlet        : Initializing Servlet 'dispatcherServlet'
2020-08-21 13:53:19.855  INFO 16700 --- [http-nio-7081-exec-1] o.s.web.servlet.DispatcherServlet        : Completed initialization in 8 ms
2020-08-21 13:55:31.465  INFO 16700 --- [SpringContextShutdownHook] o.s.s.concurrent.ThreadPoolTaskExecutor  : Shutting down ExecutorService 'applicationTaskExecutor'
2020-08-21 13:55:37.608  INFO 1864 --- [main] pers.yzh.pd.pd_front.PdFrontApplication  : Starting PdFrontApplication on LAPTOP-GUD812TE with PID 1864 (D:\pandaDiary\pandaDiary\target\classes started by zhangwei in D:\pandaDiary\pandaDiary)
2020-08-21 13:55:37.613  INFO 1864 --- [main] pers.yzh.pd.pd_front.PdFrontApplication  : No active profile set, falling back to default profiles: default
2020-08-21 13:55:38.518  WARN 1864 --- [main] o.m.s.mapper.ClassPathMapperScanner      : No MyBatis mapper was found in '[pers.yzh.pd.pd_front]' package. Please check your configuration.
2020-08-21 13:55:39.036  INFO 1864 --- [main] o.s.b.w.embedded.tomcat.TomcatWebServer  : Tomcat initialized with port(s): 7081 (http)
2020-08-21 13:55:39.050  INFO 1864 --- [main] o.apache.catalina.core.StandardService   : Starting service [Tomcat]
2020-08-21 13:55:39.050  INFO 1864 --- [main] org.apache.catalina.core.StandardEngine  : Starting Servlet engine: [Apache Tomcat/9.0.37]
2020-08-21 13:55:39.197  INFO 1864 --- [main] o.a.c.c.C.[Tomcat].[localhost].[/]       : Initializing Spring embedded WebApplicationContext
2020-08-21 13:55:39.197  INFO 1864 --- [main] w.s.c.ServletWebServerApplicationContext : Root WebApplicationContext: initialization completed in 1500 ms
2020-08-21 13:55:39.459  INFO 1864 --- [main] o.s.s.concurrent.ThreadPoolTaskExecutor  : Initializing ExecutorService 'applicationTaskExecutor'
2020-08-21 13:55:39.548  INFO 1864 --- [main] o.s.b.a.w.s.WelcomePageHandlerMapping    : Adding welcome page: class path resource [templates/index.html]
2020-08-21 13:55:40.829  INFO 1864 --- [main] o.s.b.w.embedded.tomcat.TomcatWebServer  : Tomcat started on port(s): 7081 (http) with context path ''
2020-08-21 13:55:40.863  INFO 1864 --- [main] pers.yzh.pd.pd_front.PdFrontApplication  : Started PdFrontApplication in 4.239 seconds (JVM running for 6.354)
2020-08-21 13:55:47.880  INFO 1864 --- [http-nio-7081-exec-1] o.a.c.c.C.[Tomcat].[localhost].[/]       : Initializing Spring DispatcherServlet 'dispatcherServlet'
2020-08-21 13:55:47.881  INFO 1864 --- [http-nio-7081-exec-1] o.s.web.servlet.DispatcherServlet        : Initializing Servlet 'dispatcherServlet'
2020-08-21 13:55:47.891  INFO 1864 --- [http-nio-7081-exec-1] o.s.web.servlet.DispatcherServlet        : Completed initialization in 10 ms
2020-08-21 14:07:53.900  INFO 1864 --- [SpringContextShutdownHook] o.s.s.concurrent.ThreadPoolTaskExecutor  : Shutting down ExecutorService 'applicationTaskExecutor'
2020-08-21 14:08:01.348  INFO 12736 --- [main] pers.yzh.pd.pd_front.PdFrontApplication  : Starting PdFrontApplication on LAPTOP-GUD812TE with PID 12736 (D:\pandaDiary\pandaDiary\target\classes started by zhangwei in D:\pandaDiary\pandaDiary)
2020-08-21 14:08:01.352  INFO 12736 --- [main] pers.yzh.pd.pd_front.PdFrontApplication  : No active profile set, falling back to default profiles: default
2020-08-21 14:08:02.453  WARN 12736 --- [main] o.m.s.mapper.ClassPathMapperScanner      : No MyBatis mapper was found in '[pers.yzh.pd.pd_front]' package. Please check your configuration.
2020-08-21 14:08:03.039  INFO 12736 --- [main] o.s.b.w.embedded.tomcat.TomcatWebServer  : Tomcat initialized with port(s): 7081 (http)
2020-08-21 14:08:03.053  INFO 12736 --- [main] o.apache.catalina.core.StandardService   : Starting service [Tomcat]
2020-08-21 14:08:03.054  INFO 12736 --- [main] org.apache.catalina.core.StandardEngine  : Starting Servlet engine: [Apache Tomcat/9.0.37]
2020-08-21 14:08:03.218  INFO 12736 --- [main] o.a.c.c.C.[Tomcat].[localhost].[/]       : Initializing Spring embedded WebApplicationContext
2020-08-21 14:08:03.219  INFO 12736 --- [main] w.s.c.ServletWebServerApplicationContext : Root WebApplicationContext: initialization completed in 1773 ms
2020-08-21 14:08:03.629  INFO 12736 --- [main] o.s.s.concurrent.ThreadPoolTaskExecutor  : Initializing ExecutorService 'applicationTaskExecutor'
2020-08-21 14:08:03.738  INFO 12736 --- [main] o.s.b.a.w.s.WelcomePageHandlerMapping    : Adding welcome page: class path resource [templates/index.html]
2020-08-21 14:08:05.245  INFO 12736 --- [main] o.s.b.w.embedded.tomcat.TomcatWebServer  : Tomcat started on port(s): 7081 (http) with context path ''
2020-08-21 14:08:05.259  INFO 12736 --- [main] pers.yzh.pd.pd_front.PdFrontApplication  : Started PdFrontApplication in 4.723 seconds (JVM running for 6.669)
2020-08-21 14:09:07.414  INFO 12736 --- [http-nio-7081-exec-1] o.a.c.c.C.[Tomcat].[localhost].[/]       : Initializing Spring DispatcherServlet 'dispatcherServlet'
2020-08-21 14:09:07.414  INFO 12736 --- [http-nio-7081-exec-1] o.s.web.servlet.DispatcherServlet        : Initializing Servlet 'dispatcherServlet'
2020-08-21 14:09:07.422  INFO 12736 --- [http-nio-7081-exec-1] o.s.web.servlet.DispatcherServlet        : Completed initialization in 7 ms
2020-08-21 14:10:00.328  INFO 12736 --- [SpringContextShutdownHook] o.s.s.concurrent.ThreadPoolTaskExecutor  : Shutting down ExecutorService 'applicationTaskExecutor'
2020-08-21 14:10:07.282  INFO 6628 --- [main] pers.yzh.pd.pd_front.PdFrontApplication  : Starting PdFrontApplication on LAPTOP-GUD812TE with PID 6628 (D:\pandaDiary\pandaDiary\target\classes started by zhangwei in D:\pandaDiary\pandaDiary)
2020-08-21 14:10:07.289  INFO 6628 --- [main] pers.yzh.pd.pd_front.PdFrontApplication  : No active profile set, falling back to default profiles: default
2020-08-21 14:10:08.307  WARN 6628 --- [main] o.m.s.mapper.ClassPathMapperScanner      : No MyBatis mapper was found in '[pers.yzh.pd.pd_front]' package. Please check your configuration.
2020-08-21 14:10:08.938  INFO 6628 --- [main] o.s.b.w.embedded.tomcat.TomcatWebServer  : Tomcat initialized with port(s): 7081 (http)
2020-08-21 14:10:08.951  INFO 6628 --- [main] o.apache.catalina.core.StandardService   : Starting service [Tomcat]
2020-08-21 14:10:08.951  INFO 6628 --- [main] org.apache.catalina.core.StandardEngine  : Starting Servlet engine: [Apache Tomcat/9.0.37]
2020-08-21 14:10:09.113  INFO 6628 --- [main] o.a.c.c.C.[Tomcat].[localhost].[/]       : Initializing Spring embedded WebApplicationContext
2020-08-21 14:10:09.114  INFO 6628 --- [main] w.s.c.ServletWebServerApplicationContext : Root WebApplicationContext: initialization completed in 1708 ms
2020-08-21 14:10:09.514  INFO 6628 --- [main] o.s.s.concurrent.ThreadPoolTaskExecutor  : Initializing ExecutorService 'applicationTaskExecutor'
2020-08-21 14:10:09.609  INFO 6628 --- [main] o.s.b.a.w.s.WelcomePageHandlerMapping    : Adding welcome page: class path resource [templates/index.html]
2020-08-21 14:10:10.852  INFO 6628 --- [main] o.s.b.w.embedded.tomcat.TomcatWebServer  : Tomcat started on port(s): 7081 (http) with context path ''
2020-08-21 14:10:10.867  INFO 6628 --- [main] pers.yzh.pd.pd_front.PdFrontApplication  : Started PdFrontApplication in 4.584 seconds (JVM running for 6.608)
2020-08-21 14:10:17.990  INFO 6628 --- [http-nio-7081-exec-1] o.a.c.c.C.[Tomcat].[localhost].[/]       : Initializing Spring DispatcherServlet 'dispatcherServlet'
2020-08-21 14:10:17.992  INFO 6628 --- [http-nio-7081-exec-1] o.s.web.servlet.DispatcherServlet        : Initializing Servlet 'dispatcherServlet'
2020-08-21 14:10:18.001  INFO 6628 --- [http-nio-7081-exec-1] o.s.web.servlet.DispatcherServlet        : Completed initialization in 8 ms
2020-08-21 14:10:33.392  INFO 6628 --- [SpringContextShutdownHook] o.s.s.concurrent.ThreadPoolTaskExecutor  : Shutting down ExecutorService 'applicationTaskExecutor'
2020-08-21 14:10:40.069  INFO 6952 --- [main] pers.yzh.pd.pd_front.PdFrontApplication  : Starting PdFrontApplication on LAPTOP-GUD812TE with PID 6952 (D:\pandaDiary\pandaDiary\target\classes started by zhangwei in D:\pandaDiary\pandaDiary)
2020-08-21 14:10:40.079  INFO 6952 --- [main] pers.yzh.pd.pd_front.PdFrontApplication  : No active profile set, falling back to default profiles: default
2020-08-21 14:10:41.022  WARN 6952 --- [main] o.m.s.mapper.ClassPathMapperScanner      : No MyBatis mapper was found in '[pers.yzh.pd.pd_front]' package. Please check your configuration.
2020-08-21 14:10:41.565  INFO 6952 --- [main] o.s.b.w.embedded.tomcat.TomcatWebServer  : Tomcat initialized with port(s): 7081 (http)
2020-08-21 14:10:41.583  INFO 6952 --- [main] o.apache.catalina.core.StandardService   : Starting service [Tomcat]
2020-08-21 14:10:41.583  INFO 6952 --- [main] org.apache.catalina.core.StandardEngine  : Starting Servlet engine: [Apache Tomcat/9.0.37]
2020-08-21 14:10:41.748  INFO 6952 --- [main] o.a.c.c.C.[Tomcat].[localhost].[/]       : Initializing Spring embedded WebApplicationContext
2020-08-21 14:10:41.749  INFO 6952 --- [main] w.s.c.ServletWebServerApplicationContext : Root WebApplicationContext: initialization completed in 1589 ms
2020-08-21 14:10:42.007  INFO 6952 --- [main] o.s.s.concurrent.ThreadPoolTaskExecutor  : Initializing ExecutorService 'applicationTaskExecutor'
2020-08-21 14:10:42.094  INFO 6952 --- [main] o.s.b.a.w.s.WelcomePageHandlerMapping    : Adding welcome page: class path resource [templates/index.html]
2020-08-21 14:10:43.416  INFO 6952 --- [main] o.s.b.w.embedded.tomcat.TomcatWebServer  : Tomcat started on port(s): 7081 (http) with context path ''
2020-08-21 14:10:43.432  INFO 6952 --- [main] pers.yzh.pd.pd_front.PdFrontApplication  : Started PdFrontApplication in 4.233 seconds (JVM running for 6.05)
2020-08-21 14:10:48.714  INFO 6952 --- [http-nio-7081-exec-1] o.a.c.c.C.[Tomcat].[localhost].[/]       : Initializing Spring DispatcherServlet 'dispatcherServlet'
2020-08-21 14:10:48.716  INFO 6952 --- [http-nio-7081-exec-1] o.s.web.servlet.DispatcherServlet        : Initializing Servlet 'dispatcherServlet'
2020-08-21 14:10:48.725  INFO 6952 --- [http-nio-7081-exec-1] o.s.web.servlet.DispatcherServlet        : Completed initialization in 9 ms
